<?xml version="1.0" encoding="UTF-8"?>
<!-- Generated by org.testng.reporters.JUnitXMLReporter -->
<testsuite ignored="0" hostname="P" failures="0" tests="4" name="Default test" time="29.674" errors="0" timestamp="2024-08-31T06:57:45 IST">
  <testcase classname="api.test.TestCase" name="testPostObject" time="7.118"/>
  <testcase classname="api.test.TestCase" name="testGetObject" time="4.07"/>
  <testcase classname="api.test.TestCase" name="testUpdateObject" time="9.195"/>
  <testcase classname="api.test.TestCase" name="deleteObject" time="9.241"/>
</testsuite> <!-- Default test -->
