<?xml version="1.0" encoding="UTF-8"?>
<!-- Generated by org.testng.reporters.JUnitXMLReporter -->
<testsuite ignored="0" hostname="P" failures="0" tests="4" name="Test" time="5.051" errors="0" timestamp="2024-08-30T21:21:56 IST">
  <testcase classname="api.test.TestCase" name="testPostObject" time="3.488"/>
  <testcase classname="api.test.TestCase" name="testGetObject" time="0.371"/>
  <testcase classname="api.test.TestCase" name="testUpdateObject" time="0.424"/>
  <testcase classname="api.test.TestCase" name="deleteObject" time="0.43"/>
</testsuite> <!-- Test -->
