<?xml version="1.0" encoding="UTF-8"?>
<testng-results ignored="0" total="4" passed="4" failed="0" skipped="0">
  <reporter-output>
  </reporter-output>
  <suite started-at="2024-08-31T06:57:15 IST" name="Default suite" finished-at="2024-08-31T06:57:45 IST" duration-ms="29674">
    <groups>
    </groups>
    <test started-at="2024-08-31T06:57:15 IST" name="Default test" finished-at="2024-08-31T06:57:45 IST" duration-ms="29674">
      <class name="api.test.TestCase">
        <test-method signature="testPostObject()[pri:1, instance:api.test.TestCase@7db12bb6]" started-at="2024-08-31T06:57:15 IST" name="testPostObject" finished-at="2024-08-31T06:57:22 IST" duration-ms="7118" status="PASS">
          <reporter-output>
          </reporter-output>
        </test-method> <!-- testPostObject -->
        <test-method signature="testGetObject()[pri:2, instance:api.test.TestCase@7db12bb6]" started-at="2024-08-31T06:57:22 IST" name="testGetObject" finished-at="2024-08-31T06:57:26 IST" depends-on-methods="api.test.TestCase.testPostObject" duration-ms="4070" status="PASS">
          <reporter-output>
          </reporter-output>
        </test-method> <!-- testGetObject -->
        <test-method signature="testUpdateObject()[pri:3, instance:api.test.TestCase@7db12bb6]" started-at="2024-08-31T06:57:26 IST" name="testUpdateObject" finished-at="2024-08-31T06:57:35 IST" depends-on-methods="api.test.TestCase.testPostObject" duration-ms="9195" status="PASS">
          <reporter-output>
          </reporter-output>
        </test-method> <!-- testUpdateObject -->
        <test-method signature="deleteObject()[pri:4, instance:api.test.TestCase@7db12bb6]" started-at="2024-08-31T06:57:35 IST" name="deleteObject" finished-at="2024-08-31T06:57:45 IST" depends-on-methods="api.test.TestCase.testPostObject" duration-ms="9241" status="PASS">
          <reporter-output>
          </reporter-output>
        </test-method> <!-- deleteObject -->
      </class> <!-- api.test.TestCase -->
    </test> <!-- Default test -->
  </suite> <!-- Default suite -->
</testng-results>
